Current working directory: /Users/jackhan/Desktop/AITown/satoshiLive/satoshiLiveAI
Config sections found: ['mysql', 'Paths', 'OpenAI', 'NetworkSocket']
Connected to MySQL server successfully
Database 'AITown' deleted successfully.
Database 'AITown' does not exist.
Database 'AITown' checked/created successfully.
Table 'behavior_java_buffer' does not exist in database 'AITown'.
Table 'behavior_java_buffer' checked/created successfully.
Table 'behavior_memeory_stream' does not exist in database 'AITown'.
Table 'behavior_memeory_stream' checked/created successfully.
Table 'behavior_reflection_stream' does not exist in database 'AITown'.
Table 'behavior_reflection_stream' checked/created successfully.
Table 'behavior_reflection_tracer' does not exist in database 'AITown'.
Table 'behavior_reflection_tracer' checked/created successfully.
Table 'behavior_schedule_stream' does not exist in database 'AITown'.
Table 'behavior_schedule_stream' checked/created successfully.
Table 'behavior_instruction_buffer' does not exist in database 'AITown'.
Table 'behavior_instruction_buffer' checked/created successfully.
Processing task 0
Processing task 1
Current working directory: /Users/jackhan/Desktop/AITown/satoshiLive/satoshiLiveAIProcessing task 2
Current working directory: /Users/jackhan/Desktop/AITown/satoshiLive/satoshiLiveAIProcessing task 3
Processing task 4Current working directory: /Users/jackhan/Desktop/AITown/satoshiLive/satoshiLiveAI
Config sections found: ['mysql', 'Paths', 'OpenAI', 'NetworkSocket']Processing task 5
Current working directory: /Users/jackhan/Desktop/AITown/satoshiLive/satoshiLiveAI
Processing task 6Config sections found: ['mysql', 'Paths', 'OpenAI', 'NetworkSocket']
Current working directory: /Users/jackhan/Desktop/AITown/satoshiLive/satoshiLiveAI
Current working directory: /Users/jackhan/Desktop/AITown/satoshiLive/satoshiLiveAI
Processing task 7Config sections found: ['mysql', 'Paths', 'OpenAI', 'NetworkSocket']Current working directory: /Users/jackhan/Desktop/AITown/satoshiLive/satoshiLiveAI
Processing task 8
Processing task 9Processing task 10Config sections found: ['mysql', 'Paths', 'OpenAI', 'NetworkSocket']
Processing task 11
Processing task 12

Processing task 13
Current working directory: /Users/jackhan/Desktop/AITown/satoshiLive/satoshiLiveAIProcessing task 14Config sections found: ['mysql', 'Paths', 'OpenAI', 'NetworkSocket']
Config sections found: ['mysql', 'Paths', 'OpenAI', 'NetworkSocket']


Current working directory: /Users/jackhan/Desktop/AITown/satoshiLive/satoshiLiveAICurrent working directory: /Users/jackhan/Desktop/AITown/satoshiLive/satoshiLiveAICurrent working directory: /Users/jackhan/Desktop/AITown/satoshiLive/satoshiLiveAI


Config sections found: ['mysql', 'Paths', 'OpenAI', 'NetworkSocket']

Config sections found: ['mysql', 'Paths', 'OpenAI', 'NetworkSocket']
Current working directory: /Users/jackhan/Desktop/AITown/satoshiLive/satoshiLiveAI

Current working directory: /Users/jackhan/Desktop/AITown/satoshiLive/satoshiLiveAI
Config sections found: ['mysql', 'Paths', 'OpenAI', 'NetworkSocket']

Config sections found: ['mysql', 'Paths', 'OpenAI', 'NetworkSocket']
Current working directory: /Users/jackhan/Desktop/AITown/satoshiLive/satoshiLiveAI
Config sections found: ['mysql', 'Paths', 'OpenAI', 'NetworkSocket']Config sections found: ['mysql', 'Paths', 'OpenAI', 'NetworkSocket']

Config sections found: ['mysql', 'Paths', 'OpenAI', 'NetworkSocket']


Config sections found: ['mysql', 'Paths', 'OpenAI', 'NetworkSocket']
Current working directory: /Users/jackhan/Desktop/AITown/satoshiLive/satoshiLiveAI
Config sections found: ['mysql', 'Paths', 'OpenAI', 'NetworkSocket']



Connected to MySQL server successfully
Connected to MySQL server successfully
Connected to MySQL server successfully
Connected to MySQL server successfully
Connected to MySQL server successfully
Connected to MySQL server successfully
Connected to MySQL server successfullyNo unprocessed entries found.Connected to MySQL server successfully

Nothing to process so far
Task 6 completed.

Connected to MySQL server successfully
Connected to MySQL server successfully
No unprocessed entries found.
Nothing to process so far
Task 3 completed.
No unprocessed entries found.
Nothing to process so far
Task 1 completed.
No unprocessed entries found.
Nothing to process so far
Task 4 completed.
Connected to MySQL server successfullyConnected to MySQL server successfullyConnected to MySQL server successfully
No unprocessed entries found.Connected to MySQL server successfully
Connected to MySQL server successfully
Nothing to process so far


Task 2 completed.

No unprocessed entries found.
Nothing to process so far
Task 8 completed.
No unprocessed entries found.
Nothing to process so far
Task 0 completed.
No unprocessed entries found.
Nothing to process so far
Task 9 completed.
No unprocessed entries found.
Nothing to process so far
Task 14 completed.
No unprocessed entries found.
Nothing to process so far
Task 5 completed.
No unprocessed entries found.
Nothing to process so far
Task 7 completed.
No unprocessed entries found.
Nothing to process so far
Task 11 completed.
No unprocessed entries found.
Nothing to process so far
Task 10 completed.
No unprocessed entries found.
Nothing to process so far
Task 12 completed.
No unprocessed entries found.
Nothing to process so far
Task 13 completed.
Processing task 15Processing task 16
Processing task 17

Processing task 18Current working directory: /Users/jackhan/Desktop/AITown/satoshiLive/satoshiLiveAIProcessing task 19Current working directory: /Users/jackhan/Desktop/AITown/satoshiLive/satoshiLiveAI
Current working directory: /Users/jackhan/Desktop/AITown/satoshiLive/satoshiLiveAIProcessing task 20
Current working directory: /Users/jackhan/Desktop/AITown/satoshiLive/satoshiLiveAI

Processing task 21Processing task 22Config sections found: ['mysql', 'Paths', 'OpenAI', 'NetworkSocket']
Config sections found: ['mysql', 'Paths', 'OpenAI', 'NetworkSocket']Processing task 23Processing task 24


Config sections found: ['mysql', 'Paths', 'OpenAI', 'NetworkSocket']Current working directory: /Users/jackhan/Desktop/AITown/satoshiLive/satoshiLiveAICurrent working directory: /Users/jackhan/Desktop/AITown/satoshiLive/satoshiLiveAIProcessing task 25Processing task 26Processing task 27


Processing task 28Current working directory: /Users/jackhan/Desktop/AITown/satoshiLive/satoshiLiveAIProcessing task 29Current working directory: /Users/jackhan/Desktop/AITown/satoshiLive/satoshiLiveAI
Config sections found: ['mysql', 'Paths', 'OpenAI', 'NetworkSocket']


Current working directory: /Users/jackhan/Desktop/AITown/satoshiLive/satoshiLiveAI
Config sections found: ['mysql', 'Paths', 'OpenAI', 'NetworkSocket']Current working directory: /Users/jackhan/Desktop/AITown/satoshiLive/satoshiLiveAIConfig sections found: ['mysql', 'Paths', 'OpenAI', 'NetworkSocket']

Current working directory: /Users/jackhan/Desktop/AITown/satoshiLive/satoshiLiveAICurrent working directory: /Users/jackhan/Desktop/AITown/satoshiLive/satoshiLiveAI


Current working directory: /Users/jackhan/Desktop/AITown/satoshiLive/satoshiLiveAICurrent working directory: /Users/jackhan/Desktop/AITown/satoshiLive/satoshiLiveAI
Config sections found: ['mysql', 'Paths', 'OpenAI', 'NetworkSocket']
Config sections found: ['mysql', 'Paths', 'OpenAI', 'NetworkSocket']
Config sections found: ['mysql', 'Paths', 'OpenAI', 'NetworkSocket']

Current working directory: /Users/jackhan/Desktop/AITown/satoshiLive/satoshiLiveAI




Config sections found: ['mysql', 'Paths', 'OpenAI', 'NetworkSocket']Config sections found: ['mysql', 'Paths', 'OpenAI', 'NetworkSocket']
Config sections found: ['mysql', 'Paths', 'OpenAI', 'NetworkSocket']Config sections found: ['mysql', 'Paths', 'OpenAI', 'NetworkSocket']



Config sections found: ['mysql', 'Paths', 'OpenAI', 'NetworkSocket']Config sections found: ['mysql', 'Paths', 'OpenAI', 'NetworkSocket']





Connected to MySQL server successfully
Connected to MySQL server successfully
Connected to MySQL server successfully
Connected to MySQL server successfully
Connected to MySQL server successfully
Connected to MySQL server successfully
Connected to MySQL server successfully
Connected to MySQL server successfully
Connected to MySQL server successfully
No unprocessed entries found.
Nothing to process so far
Task 28 completed.
No unprocessed entries found.
Nothing to process so far
Task 29 completed.
No unprocessed entries found.
Nothing to process so far
Task 15 completed.
No unprocessed entries found.
Nothing to process so far
Task 27 completed.
No unprocessed entries found.
Nothing to process so far
Task 23 completed.
No unprocessed entries found.
Nothing to process so far
Task 24 completed.
No unprocessed entries found.
Nothing to process so far
Task 26 completed.
No unprocessed entries found.
Nothing to process so far
Task 18 completed.
No unprocessed entries found.
Nothing to process so far
Task 20 completed.
No unprocessed entries found.
Nothing to process so far
Task 19 completed.
No unprocessed entries found.
Nothing to process so far
Task 25 completed.
No unprocessed entries found.
Nothing to process so far
Task 17 completed.
No unprocessed entries found.
Nothing to process so far
Task 22 completed.
No unprocessed entries found.
Nothing to process so far
Task 21 completed.
Processing task 30Processing task 31
Current working directory: /Users/jackhan/Desktop/AITown/satoshiLive/satoshiLiveAI
Processing task 32Processing task 33
Current working directory: /Users/jackhan/Desktop/AITown/satoshiLive/satoshiLiveAIConfig sections found: ['mysql', 'Paths', 'OpenAI', 'NetworkSocket']Processing task 34

Processing task 35Processing task 36

Processing task 37Current working directory: /Users/jackhan/Desktop/AITown/satoshiLive/satoshiLiveAICurrent working directory: /Users/jackhan/Desktop/AITown/satoshiLive/satoshiLiveAIProcessing task 38Processing task 39
Current working directory: /Users/jackhan/Desktop/AITown/satoshiLive/satoshiLiveAIProcessing task 40Processing task 41Processing task 42
Current working directory: /Users/jackhan/Desktop/AITown/satoshiLive/satoshiLiveAICurrent working directory: /Users/jackhan/Desktop/AITown/satoshiLive/satoshiLiveAIConfig sections found: ['mysql', 'Paths', 'OpenAI', 'NetworkSocket']
Processing task 43Processing task 44Config sections found: ['mysql', 'Paths', 'OpenAI', 'NetworkSocket']


Current working directory: /Users/jackhan/Desktop/AITown/satoshiLive/satoshiLiveAI
Config sections found: ['mysql', 'Paths', 'OpenAI', 'NetworkSocket']
Current working directory: /Users/jackhan/Desktop/AITown/satoshiLive/satoshiLiveAIConfig sections found: ['mysql', 'Paths', 'OpenAI', 'NetworkSocket']


Config sections found: ['mysql', 'Paths', 'OpenAI', 'NetworkSocket']
Current working directory: /Users/jackhan/Desktop/AITown/satoshiLive/satoshiLiveAICurrent working directory: /Users/jackhan/Desktop/AITown/satoshiLive/satoshiLiveAI

Config sections found: ['mysql', 'Paths', 'OpenAI', 'NetworkSocket']


Current working directory: /Users/jackhan/Desktop/AITown/satoshiLive/satoshiLiveAICurrent working directory: /Users/jackhan/Desktop/AITown/satoshiLive/satoshiLiveAI



Current working directory: /Users/jackhan/Desktop/AITown/satoshiLive/satoshiLiveAI
Current working directory: /Users/jackhan/Desktop/AITown/satoshiLive/satoshiLiveAIConfig sections found: ['mysql', 'Paths', 'OpenAI', 'NetworkSocket']Config sections found: ['mysql', 'Paths', 'OpenAI', 'NetworkSocket']



Config sections found: ['mysql', 'Paths', 'OpenAI', 'NetworkSocket']
Config sections found: ['mysql', 'Paths', 'OpenAI', 'NetworkSocket']Config sections found: ['mysql', 'Paths', 'OpenAI', 'NetworkSocket']Config sections found: ['mysql', 'Paths', 'OpenAI', 'NetworkSocket']

Config sections found: ['mysql', 'Paths', 'OpenAI', 'NetworkSocket']

Config sections found: ['mysql', 'Paths', 'OpenAI', 'NetworkSocket']






Connected to MySQL server successfully
Connected to MySQL server successfully
Connected to MySQL server successfully
Connected to MySQL server successfullyConnected to MySQL server successfully
Connected to MySQL server successfullyNo unprocessed entries found.
Connected to MySQL server successfully

Nothing to process so far
Task 38 completed.

Connected to MySQL server successfully
Connected to MySQL server successfully
Connected to MySQL server successfully
Connected to MySQL server successfully
Connected to MySQL server successfully
Connected to MySQL server successfully
No unprocessed entries found.
Nothing to process so far
Task 35 completed.
Connected to MySQL server successfully
Connected to MySQL server successfully
No unprocessed entries found.
Nothing to process so far
Task 34 completed.
No unprocessed entries found.
Nothing to process so far
Task 32 completed.
No unprocessed entries found.
Nothing to process so far
Task 31 completed.
No unprocessed entries found.
Nothing to process so far
Task 37 completed.
No unprocessed entries found.
Nothing to process so far
Task 36 completed.
No unprocessed entries found.
Nothing to process so far
Task 43 completed.
No unprocessed entries found.
Nothing to process so far
Task 40 completed.
No unprocessed entries found.
Nothing to process so far
Task 30 completed.
No unprocessed entries found.
Nothing to process so far
Task 33 completed.
No unprocessed entries found.
Nothing to process so far
Task 42 completed.
No unprocessed entries found.
Nothing to process so far
Task 39 completed.
No unprocessed entries found.
Nothing to process so far
Task 44 completed.
No unprocessed entries found.
Nothing to process so far
Task 41 completed.
Processing task 45Processing task 46

Processing task 47
Processing task 48Current working directory: /Users/jackhan/Desktop/AITown/satoshiLive/satoshiLiveAI
Processing task 49Current working directory: /Users/jackhan/Desktop/AITown/satoshiLive/satoshiLiveAICurrent working directory: /Users/jackhan/Desktop/AITown/satoshiLive/satoshiLiveAIProcessing task 50Processing task 51
Current working directory: /Users/jackhan/Desktop/AITown/satoshiLive/satoshiLiveAIProcessing task 52Processing task 53Config sections found: ['mysql', 'Paths', 'OpenAI', 'NetworkSocket']
Current working directory: /Users/jackhan/Desktop/AITown/satoshiLive/satoshiLiveAI
Processing task 54Processing task 55
Config sections found: ['mysql', 'Paths', 'OpenAI', 'NetworkSocket']Processing task 56

Current working directory: /Users/jackhan/Desktop/AITown/satoshiLive/satoshiLiveAIProcessing task 57Current working directory: /Users/jackhan/Desktop/AITown/satoshiLive/satoshiLiveAIConfig sections found: ['mysql', 'Paths', 'OpenAI', 'NetworkSocket']Processing task 58
Processing task 59

Current working directory: /Users/jackhan/Desktop/AITown/satoshiLive/satoshiLiveAI
Current working directory: /Users/jackhan/Desktop/AITown/satoshiLive/satoshiLiveAI
Config sections found: ['mysql', 'Paths', 'OpenAI', 'NetworkSocket']Config sections found: ['mysql', 'Paths', 'OpenAI', 'NetworkSocket']

Current working directory: /Users/jackhan/Desktop/AITown/satoshiLive/satoshiLiveAI


Current working directory: /Users/jackhan/Desktop/AITown/satoshiLive/satoshiLiveAIConfig sections found: ['mysql', 'Paths', 'OpenAI', 'NetworkSocket']
Config sections found: ['mysql', 'Paths', 'OpenAI', 'NetworkSocket']


Current working directory: /Users/jackhan/Desktop/AITown/satoshiLive/satoshiLiveAI
Current working directory: /Users/jackhan/Desktop/AITown/satoshiLive/satoshiLiveAI

Current working directory: /Users/jackhan/Desktop/AITown/satoshiLive/satoshiLiveAIConfig sections found: ['mysql', 'Paths', 'OpenAI', 'NetworkSocket']


Current working directory: /Users/jackhan/Desktop/AITown/satoshiLive/satoshiLiveAI
Config sections found: ['mysql', 'Paths', 'OpenAI', 'NetworkSocket']
Config sections found: ['mysql', 'Paths', 'OpenAI', 'NetworkSocket']

Config sections found: ['mysql', 'Paths', 'OpenAI', 'NetworkSocket']Config sections found: ['mysql', 'Paths', 'OpenAI', 'NetworkSocket']
Config sections found: ['mysql', 'Paths', 'OpenAI', 'NetworkSocket']
  pZ©   06Î   Àtk   ð5Î   ð4L   °Î   @ÍÎ   p5Î   €Ó„   05Î   `«d   °Ï    —¢   ðÏ   À)Ï   °	)   PA   p"U    ÇÏ   0¥k   ÀÇÏ   p9Î    ÉÏ   0;l    ÉÏ   h9)   @ÊÏ   p;Î   àÊÏ   ð”¥   €ËÏ   ð<Î    ÌÏ   °=Î   ÀÌÏ   `-)   àÞP   °j    ÎÏConfig sections found: ['mysql', 'Paths', 'OpenAI', 'NetworkSocket']





Config sections found: ['mysql', 'Paths', 'OpenAI', 'NetworkSocket']
Connected to MySQL server successfully
Connected to MySQL server successfullyConnected to MySQL server successfullyConnected to MySQL server successfullyConnected to MySQL server successfully


Connected to MySQL server successfully

Connected to MySQL server successfully
Connected to MySQL server successfully
Connected to MySQL server successfully
Connected to MySQL server successfully
Connected to MySQL server successfully
Connected to MySQL server successfully
Earliest unprocessed entry: requestId=594439329644, time=2025-06-07 06:21:58, npcId=10006, content={"world": {"time": 1749248518425}, "npcs": [{"npcId": 10006, "status": "free", "selling": [], "items": [], "action": {"param": {"sender": 10006.0, "sName": "satoshi", "npcId": 10010.0, "tName": "pippin", "time": 1733842382928.0, "content": "I read 10 books on decentralization yesterday. Turns out, the real key to a strong community is still coffee and good company.", "initiator": false, "gridX": 0.0, "girdY": 0.0, "endingTalk": 1.0}}, "curAction": {}, "mapData": [], "surroundings": {"people": [{"npcId": 10007, "status": "sleep"}, {"npcId": 10008, "status": "free"}, {"npcId": 10009, "status": "free"}, {"npcId": 10010, "status": "free"}], "items": []}, "talk": {"isTalking": false}}]}
Entry with requestId=594439329644, time=2025-06-07 06:21:58 marked as being processed.
Traceback (most recent call last):
  File "/Users/jackhan/Desktop/AITown/satoshiLive/satoshiLiveAI/BhrCtrl/BhrLgcProcessOnce.py", line 286, in processOneInputGiveOneInstruction
    instruction_to_give = BhrLgcGPTProcess.humanInstToJava_action(
                          ^^^^^^^^^^^^^^^^^^^^^^^^^^^^^^^^^^^^^^^^
  File "/Users/jackhan/Desktop/AITown/satoshiLive/satoshiLiveAI/BhrCtrl/BhrLgcGPTProcess.py", line 931, in humanInstToJava_action
    return humanInstToJava_action_other(instruction_in_human, words_to_say, npcId)
           ^^^^^^^^^^^^^^^^^^^^^^^^^^^^^^^^^^^^^^^^^^^^^^^^^^^^^^^^^^^^^^^^^^^^^^^
  File "/Users/jackhan/Desktop/AITown/satoshiLive/satoshiLiveAI/BhrCtrl/BhrLgcGPTProcess.py", line 918, in humanInstToJava_action_other
    print("Function: humanInstToJava_action_other")
ValueError: I/O operation on closed file.

During handling of the above exception, another exception occurred:

Traceback (most recent call last):
  File "/Users/jackhan/Desktop/AITown/satoshiLive/satoshiLiveAI/BhrCtrl/BhrLgcProcessOnce.py", line 295, in processOneInputGiveOneInstruction
    print(f"Error occurred: {e}. Retrying...")
ValueError: I/O operation on closed file.
Traceback (most recent call last):
  File "/Users/jackhan/Desktop/AITown/satoshiLive/satoshiLiveAI/BhrCtrl/BhrLgcProcessOnce.py", line 286, in processOneInputGiveOneInstruction
    instruction_to_give = BhrLgcGPTProcess.humanInstToJava_action(
                          ^^^^^^^^^^^^^^^^^^^^^^^^^^^^^^^^^^^^^^^^
  File "/Users/jackhan/Desktop/AITown/satoshiLive/satoshiLiveAI/BhrCtrl/BhrLgcGPTProcess.py", line 929, in humanInstToJava_action
    return humanInstToJava_action_112(instruction_in_human, words_to_say, npcId)
           ^^^^^^^^^^^^^^^^^^^^^^^^^^^^^^^^^^^^^^^^^^^^^^^^^^^^^^^^^^^^^^^^^^^^^
  File "/Users/jackhan/Desktop/AITown/satoshiLive/satoshiLiveAI/BhrCtrl/BhrLgcGPTProcess.py", line 835, in humanInstToJava_action_112
    print("Function: humanInstToJava_action_112")
ValueError: I/O operation on closed file.

During handling of the above exception, another exception occurred:

Traceback (most recent call last):
  File "/Users/jackhan/Desktop/AITown/satoshiLive/satoshiLiveAI/BhrCtrl/BhrLgcProcessOnce.py", line 295, in processOneInputGiveOneInstruction
    print(f"Error occurred: {e}. Retrying...")
ValueError: I/O operation on closed file.
Traceback (most recent call last):
  File "/Users/jackhan/Desktop/AITown/satoshiLive/satoshiLiveAI/BhrCtrl/BhrLgcProcessOnce.py", line 286, in processOneInputGiveOneInstruction
    instruction_to_give = BhrLgcGPTProcess.humanInstToJava_action(
                          ^^^^^^^^^^^^^^^^^^^^^^^^^^^^^^^^^^^^^^^^
  File "/Users/jackhan/Desktop/AITown/satoshiLive/satoshiLiveAI/BhrCtrl/BhrLgcGPTProcess.py", line 931, in humanInstToJava_action
    return humanInstToJava_action_other(instruction_in_human, words_to_say, npcId)
           ^^^^^^^^^^^^^^^^^^^^^^^^^^^^^^^^^^^^^^^^^^^^^^^^^^^^^^^^^^^^^^^^^^^^^^^
  File "/Users/jackhan/Desktop/AITown/satoshiLive/satoshiLiveAI/BhrCtrl/BhrLgcGPTProcess.py", line 918, in humanInstToJava_action_other
    print("Function: humanInstToJava_action_other")
ValueError: I/O operation on closed file.

During handling of the above exception, another exception occurred:

Traceback (most recent call last):
  File "/Users/jackhan/Desktop/AITown/satoshiLive/satoshiLiveAI/BhrCtrl/BhrLgcProcessOnce.py", line 295, in processOneInputGiveOneInstruction
    print(f"Error occurred: {e}. Retrying...")
ValueError: I/O operation on closed file.
Traceback (most recent call last):
  File "/Users/jackhan/Desktop/AITown/satoshiLive/satoshiLiveAI/BhrCtrl/BhrLgcProcessOnce.py", line 254, in processOneInputGiveOneInstruction
    words_to_say = BhrLgcGPTProcess.generate_new_Announcement(
                   ^^^^^^^^^^^^^^^^^^^^^^^^^^^^^^^^^^^^^^^^^^^
  File "/Users/jackhan/Desktop/AITown/satoshiLive/satoshiLiveAI/BhrCtrl/BhrLgcGPTProcess.py", line 628, in generate_new_Announcement
    print("Function: generate_new_Announcement")
ValueError: I/O operation on closed file.
  Traceback (most recent call last):
  File "/Users/jackhan/Desktop/AITown/satoshiLive/satoshiLiveAI/BhrCtrl/BhrLgcParallel.py", line 80, in process_task
    print(f"Task {task_id} completed.")
ValueError: I/O operation on closed file.

During handling of the above exception, another exception occurred:

Traceback (most recent call last):
  File "/Users/jackhan/Desktop/AITown/satoshiLive/satoshiLiveAI/BhrCtrl/BhrLgcParallel.py", line 96, in <module>
    future.result()  # Wait for each task to complete
    ^^^^^^^^^^^^^^^
  File "/Users/jackhan/anaconda3/envs/aitown/lib/python3.11/concurrent/futures/_base.py", line 456, in result
    return self.__get_result()
           ^^^^^^^^^^^^^^^^^^^
  File "/Users/jackhan/anaconda3/envs/aitown/lib/python3.11/concurrent/futures/_base.py", line 401, in __get_result
    raise self._exception
  File "/Users/jackhan/anaconda3/envs/aitown/lib/python3.11/concurrent/futures/thread.py", line 58, in run
    result = self.fn(*self.args, **self.kwargs)
             ^^^^^^^^^^^^^^^^^^^^^^^^^^^^^^^^^^
  File "/Users/jackhan/Desktop/AITown/satoshiLive/satoshiLiveAI/BhrCtrl/BhrLgcParallel.py", line 82, in process_task
    print(f"Error processing task {task_id}: {e}")
ValueError: I/O operation on closed file.

During handling of the above exception, another exception occurred:

Traceback (most recent call last):
  File "/Users/jackhan/Desktop/AITown/satoshiLive/satoshiLiveAI/BhrCtrl/BhrLgcParallel.py", line 104, in <module>
    sys.stdout.log.close()
    ^^^^^^^^^^^^^^
AttributeError: '_io.TextIOWrapper' object has no attribute 'log'
